#-----------------------------------------------------------
# Vivado v2019.2 (64-bit)
# SW Build 2708876 on Wed Nov  6 21:39:14 MST 2019
# IP Build 2700528 on Thu Nov  7 00:09:20 MST 2019
# Start of session at: Sun Mar 19 03:03:52 2023
# Process ID: 947256
# Current directory: /home/amass/Documents/ECE540/FinalProject/Vivado/src/SweRVolfSoC/Peripherals/vga
# Command line: vivado
# Log file: /home/amass/Documents/ECE540/FinalProject/Vivado/src/SweRVolfSoC/Peripherals/vga/vivado.log
# Journal file: /home/amass/Documents/ECE540/FinalProject/Vivado/src/SweRVolfSoC/Peripherals/vga/vivado.jou
#-----------------------------------------------------------
start_gui
open_project /home/amass/Documents/ECE540/FinalProject/Vivado/project_final/project_final.xpr
Scanning sources...
Finished scanning sources
INFO: [IP_Flow 19-234] Refreshing IP repositories
INFO: [IP_Flow 19-1704] No user IP repositories specified
INFO: [IP_Flow 19-2313] Loaded Vivado IP repository '/tools/Xilinx/Vivado/2019.2/data/ip'.
CRITICAL WARNING: [Common 17-1649] The Vivado message database '/home/amass/Documents/ECE540/FinalProject/Vivado/project_final/project_final.runs/synth_1/vivado.pb' contains 20625 messages. Restoring all messages from this message database will impact Vivado performance, so only WARNING, CRITICAL WARNING, and ERROR messages will be restored. To restore all messages from this file use the tcl command 'set_param messaging.loadPbLimit 20626' and re-open the project.
open_project: Time (s): cpu = 00:00:31 ; elapsed = 00:00:14 . Memory (MB): peak = 6547.496 ; gain = 188.781 ; free physical = 8286 ; free virtual = 15823
WARNING: [filemgmt 56-315] Source scanning failed during design analysis. To get more details run synthesis or simulation and check the log.
update_compile_order -fileset sources_1
add_files -norecurse -scan_for_includes /home/amass/Documents/ECE540/FinalProject/Vivado/src/SweRVolfSoC/Peripherals/vga/barriers.sv
WARNING: [filemgmt 56-315] Source scanning failed during design analysis. To get more details run synthesis or simulation and check the log.
update_compile_order -fileset sources_1
WARNING: [filemgmt 56-315] Source scanning failed during design analysis. To get more details run synthesis or simulation and check the log.
WARNING: [filemgmt 56-315] Source scanning failed during design analysis. To get more details run synthesis or simulation and check the log.
WARNING: [filemgmt 56-315] Source scanning failed during design analysis. To get more details run synthesis or simulation and check the log.
reset_run synth_1
launch_runs impl_1 -to_step write_bitstream
[Sun Mar 19 03:12:57 2023] Launched synth_1...
Run output will be captured here: /home/amass/Documents/ECE540/FinalProject/Vivado/project_final/project_final.runs/synth_1/runme.log
[Sun Mar 19 03:12:57 2023] Launched impl_1...
Run output will be captured here: /home/amass/Documents/ECE540/FinalProject/Vivado/project_final/project_final.runs/impl_1/runme.log
WARNING: [filemgmt 56-315] Source scanning failed during design analysis. To get more details run synthesis or simulation and check the log.
update_compile_order -fileset sources_1
WARNING: [filemgmt 56-315] Source scanning failed during design analysis. To get more details run synthesis or simulation and check the log.
WARNING: [filemgmt 56-315] Source scanning failed during design analysis. To get more details run synthesis or simulation and check the log.
reset_run synth_1
launch_runs impl_1 -to_step write_bitstream
[Sun Mar 19 03:15:31 2023] Launched synth_1...
Run output will be captured here: /home/amass/Documents/ECE540/FinalProject/Vivado/project_final/project_final.runs/synth_1/runme.log
[Sun Mar 19 03:15:31 2023] Launched impl_1...
Run output will be captured here: /home/amass/Documents/ECE540/FinalProject/Vivado/project_final/project_final.runs/impl_1/runme.log
launch_runs: Time (s): cpu = 00:00:18 ; elapsed = 00:00:09 . Memory (MB): peak = 6790.316 ; gain = 16.008 ; free physical = 7982 ; free virtual = 15380
WARNING: [filemgmt 56-315] Source scanning failed during design analysis. To get more details run synthesis or simulation and check the log.
update_compile_order -fileset sources_1
WARNING: [filemgmt 56-315] Source scanning failed during design analysis. To get more details run synthesis or simulation and check the log.
reset_run synth_1
launch_runs impl_1 -to_step write_bitstream
[Sun Mar 19 03:53:56 2023] Launched synth_1...
Run output will be captured here: /home/amass/Documents/ECE540/FinalProject/Vivado/project_final/project_final.runs/synth_1/runme.log
[Sun Mar 19 03:53:56 2023] Launched impl_1...
Run output will be captured here: /home/amass/Documents/ECE540/FinalProject/Vivado/project_final/project_final.runs/impl_1/runme.log
reset_run synth_1
launch_runs impl_1 -to_step write_bitstream
WARNING: [filemgmt 56-315] Source scanning failed during design analysis. To get more details run synthesis or simulation and check the log.
[Sun Mar 19 03:57:15 2023] Launched synth_1...
Run output will be captured here: /home/amass/Documents/ECE540/FinalProject/Vivado/project_final/project_final.runs/synth_1/runme.log
[Sun Mar 19 03:57:15 2023] Launched impl_1...
Run output will be captured here: /home/amass/Documents/ECE540/FinalProject/Vivado/project_final/project_final.runs/impl_1/runme.log
launch_runs: Time (s): cpu = 00:00:12 ; elapsed = 00:00:05 . Memory (MB): peak = 6838.340 ; gain = 16.008 ; free physical = 8263 ; free virtual = 15661
CRITICAL WARNING: [Common 17-1649] The Vivado message database '/home/amass/Documents/ECE540/FinalProject/Vivado/project_final/project_final.runs/synth_1/vivado.pb' contains 20631 messages. Restoring all messages from this message database will impact Vivado performance, so only WARNING, CRITICAL WARNING, and ERROR messages will be restored. To restore all messages from this file use the tcl command 'set_param messaging.loadPbLimit 20632' and re-open the project.
exit
INFO: [Common 17-206] Exiting Vivado at Sun Mar 19 10:09:19 2023...
